<?xml version="1.0" encoding="UTF-8"?>
<testsuite xmlns:xsi="http://www.w3.org/2001/XMLSchema-instance" xsi:noNamespaceSchemaLocation="https://maven.apache.org/surefire/maven-surefire-plugin/xsd/surefire-test-report-3.0.xsd" version="3.0" name="com.example.tallermecanicoserverv2.TallerMecanicoServerv2ApplicationTests" time="1.988" tests="1" errors="0" skipped="0" failures="0">
  <properties>
    <property name="java.specification.version" value="20"/>
    <property name="sun.jnu.encoding" value="UTF-8"/>
    <property name="java.class.path" value="/Users/claudiogonzalezhernandez/Desktop/PROYECTOS PERSONALES/TALLER MECANICO APP/Proyecto-Taller-Mecanico-server/target/test-classes:/Users/claudiogonzalezhernandez/Desktop/PROYECTOS PERSONALES/TALLER MECANICO APP/Proyecto-Taller-Mecanico-server/target/classes:/Users/claudiogonzalezhernandez/.m2/repository/org/springframework/boot/spring-boot-starter-actuator/3.1.3/spring-boot-starter-actuator-3.1.3.jar:/Users/claudiogonzalezhernandez/.m2/repository/org/springframework/boot/spring-boot-starter/3.1.3/spring-boot-starter-3.1.3.jar:/Users/claudiogonzalezhernandez/.m2/repository/org/springframework/boot/spring-boot/3.1.3/spring-boot-3.1.3.jar:/Users/claudiogonzalezhernandez/.m2/repository/org/springframework/boot/spring-boot-autoconfigure/3.1.3/spring-boot-autoconfigure-3.1.3.jar:/Users/claudiogonzalezhernandez/.m2/repository/org/springframework/boot/spring-boot-starter-logging/3.1.3/spring-boot-starter-logging-3.1.3.jar:/Users/claudiogonzalezhernandez/.m2/repository/ch/qos/logback/logback-classic/1.4.11/logback-classic-1.4.11.jar:/Users/claudiogonzalezhernandez/.m2/repository/ch/qos/logback/logback-core/1.4.11/logback-core-1.4.11.jar:/Users/claudiogonzalezhernandez/.m2/repository/org/apache/logging/log4j/log4j-to-slf4j/2.20.0/log4j-to-slf4j-2.20.0.jar:/Users/claudiogonzalezhernandez/.m2/repository/org/apache/logging/log4j/log4j-api/2.20.0/log4j-api-2.20.0.jar:/Users/claudiogonzalezhernandez/.m2/repository/org/slf4j/jul-to-slf4j/2.0.7/jul-to-slf4j-2.0.7.jar:/Users/claudiogonzalezhernandez/.m2/repository/jakarta/annotation/jakarta.annotation-api/2.1.1/jakarta.annotation-api-2.1.1.jar:/Users/claudiogonzalezhernandez/.m2/repository/org/yaml/snakeyaml/1.33/snakeyaml-1.33.jar:/Users/claudiogonzalezhernandez/.m2/repository/org/springframework/boot/spring-boot-actuator-autoconfigure/3.1.3/spring-boot-actuator-autoconfigure-3.1.3.jar:/Users/claudiogonzalezhernandez/.m2/repository/org/springframework/boot/spring-boot-actuator/3.1.3/spring-boot-actuator-3.1.3.jar:/Users/claudiogonzalezhernandez/.m2/repository/com/fasterxml/jackson/core/jackson-databind/2.15.2/jackson-databind-2.15.2.jar:/Users/claudiogonzalezhernandez/.m2/repository/com/fasterxml/jackson/core/jackson-annotations/2.15.2/jackson-annotations-2.15.2.jar:/Users/claudiogonzalezhernandez/.m2/repository/com/fasterxml/jackson/core/jackson-core/2.15.2/jackson-core-2.15.2.jar:/Users/claudiogonzalezhernandez/.m2/repository/com/fasterxml/jackson/datatype/jackson-datatype-jsr310/2.15.2/jackson-datatype-jsr310-2.15.2.jar:/Users/claudiogonzalezhernandez/.m2/repository/io/micrometer/micrometer-observation/1.11.3/micrometer-observation-1.11.3.jar:/Users/claudiogonzalezhernandez/.m2/repository/io/micrometer/micrometer-commons/1.11.3/micrometer-commons-1.11.3.jar:/Users/claudiogonzalezhernandez/.m2/repository/io/micrometer/micrometer-core/1.11.3/micrometer-core-1.11.3.jar:/Users/claudiogonzalezhernandez/.m2/repository/org/hdrhistogram/HdrHistogram/2.1.12/HdrHistogram-2.1.12.jar:/Users/claudiogonzalezhernandez/.m2/repository/org/latencyutils/LatencyUtils/2.0.3/LatencyUtils-2.0.3.jar:/Users/claudiogonzalezhernandez/.m2/repository/org/springframework/boot/spring-boot-starter-mail/3.1.3/spring-boot-starter-mail-3.1.3.jar:/Users/claudiogonzalezhernandez/.m2/repository/org/springframework/spring-context-support/6.0.11/spring-context-support-6.0.11.jar:/Users/claudiogonzalezhernandez/.m2/repository/org/springframework/spring-beans/6.0.11/spring-beans-6.0.11.jar:/Users/claudiogonzalezhernandez/.m2/repository/org/springframework/spring-context/6.0.11/spring-context-6.0.11.jar:/Users/claudiogonzalezhernandez/.m2/repository/org/eclipse/angus/jakarta.mail/1.1.0/jakarta.mail-1.1.0.jar:/Users/claudiogonzalezhernandez/.m2/repository/jakarta/activation/jakarta.activation-api/2.1.2/jakarta.activation-api-2.1.2.jar:/Users/claudiogonzalezhernandez/.m2/repository/org/eclipse/angus/angus-activation/2.0.1/angus-activation-2.0.1.jar:/Users/claudiogonzalezhernandez/.m2/repository/org/springframework/boot/spring-boot-starter-data-mongodb/3.1.3/spring-boot-starter-data-mongodb-3.1.3.jar:/Users/claudiogonzalezhernandez/.m2/repository/org/mongodb/mongodb-driver-sync/4.9.1/mongodb-driver-sync-4.9.1.jar:/Users/claudiogonzalezhernandez/.m2/repository/org/mongodb/bson/4.9.1/bson-4.9.1.jar:/Users/claudiogonzalezhernandez/.m2/repository/org/mongodb/mongodb-driver-core/4.9.1/mongodb-driver-core-4.9.1.jar:/Users/claudiogonzalezhernandez/.m2/repository/org/mongodb/bson-record-codec/4.9.1/bson-record-codec-4.9.1.jar:/Users/claudiogonzalezhernandez/.m2/repository/org/springframework/data/spring-data-mongodb/4.1.3/spring-data-mongodb-4.1.3.jar:/Users/claudiogonzalezhernandez/.m2/repository/org/springframework/spring-tx/6.0.11/spring-tx-6.0.11.jar:/Users/claudiogonzalezhernandez/.m2/repository/org/springframework/spring-expression/6.0.11/spring-expression-6.0.11.jar:/Users/claudiogonzalezhernandez/.m2/repository/org/springframework/data/spring-data-commons/3.1.3/spring-data-commons-3.1.3.jar:/Users/claudiogonzalezhernandez/.m2/repository/org/slf4j/slf4j-api/2.0.7/slf4j-api-2.0.7.jar:/Users/claudiogonzalezhernandez/.m2/repository/org/springdoc/springdoc-openapi-starter-webmvc-ui/2.3.0/springdoc-openapi-starter-webmvc-ui-2.3.0.jar:/Users/claudiogonzalezhernandez/.m2/repository/org/springdoc/springdoc-openapi-starter-webmvc-api/2.3.0/springdoc-openapi-starter-webmvc-api-2.3.0.jar:/Users/claudiogonzalezhernandez/.m2/repository/org/springdoc/springdoc-openapi-starter-common/2.3.0/springdoc-openapi-starter-common-2.3.0.jar:/Users/claudiogonzalezhernandez/.m2/repository/io/swagger/core/v3/swagger-core-jakarta/2.2.19/swagger-core-jakarta-2.2.19.jar:/Users/claudiogonzalezhernandez/.m2/repository/org/apache/commons/commons-lang3/3.12.0/commons-lang3-3.12.0.jar:/Users/claudiogonzalezhernandez/.m2/repository/io/swagger/core/v3/swagger-annotations-jakarta/2.2.19/swagger-annotations-jakarta-2.2.19.jar:/Users/claudiogonzalezhernandez/.m2/repository/io/swagger/core/v3/swagger-models-jakarta/2.2.19/swagger-models-jakarta-2.2.19.jar:/Users/claudiogonzalezhernandez/.m2/repository/jakarta/validation/jakarta.validation-api/3.0.2/jakarta.validation-api-3.0.2.jar:/Users/claudiogonzalezhernandez/.m2/repository/com/fasterxml/jackson/dataformat/jackson-dataformat-yaml/2.15.2/jackson-dataformat-yaml-2.15.2.jar:/Users/claudiogonzalezhernandez/.m2/repository/org/webjars/swagger-ui/5.10.3/swagger-ui-5.10.3.jar:/Users/claudiogonzalezhernandez/.m2/repository/org/springframework/boot/spring-boot-starter-thymeleaf/3.1.3/spring-boot-starter-thymeleaf-3.1.3.jar:/Users/claudiogonzalezhernandez/.m2/repository/org/thymeleaf/thymeleaf-spring6/3.1.2.RELEASE/thymeleaf-spring6-3.1.2.RELEASE.jar:/Users/claudiogonzalezhernandez/.m2/repository/org/thymeleaf/thymeleaf/3.1.2.RELEASE/thymeleaf-3.1.2.RELEASE.jar:/Users/claudiogonzalezhernandez/.m2/repository/org/attoparser/attoparser/2.0.7.RELEASE/attoparser-2.0.7.RELEASE.jar:/Users/claudiogonzalezhernandez/.m2/repository/org/unbescape/unbescape/1.1.6.RELEASE/unbescape-1.1.6.RELEASE.jar:/Users/claudiogonzalezhernandez/.m2/repository/org/springframework/boot/spring-boot-starter-web/3.1.3/spring-boot-starter-web-3.1.3.jar:/Users/claudiogonzalezhernandez/.m2/repository/org/springframework/boot/spring-boot-starter-json/3.1.3/spring-boot-starter-json-3.1.3.jar:/Users/claudiogonzalezhernandez/.m2/repository/com/fasterxml/jackson/datatype/jackson-datatype-jdk8/2.15.2/jackson-datatype-jdk8-2.15.2.jar:/Users/claudiogonzalezhernandez/.m2/repository/com/fasterxml/jackson/module/jackson-module-parameter-names/2.15.2/jackson-module-parameter-names-2.15.2.jar:/Users/claudiogonzalezhernandez/.m2/repository/org/springframework/boot/spring-boot-starter-tomcat/3.1.3/spring-boot-starter-tomcat-3.1.3.jar:/Users/claudiogonzalezhernandez/.m2/repository/org/apache/tomcat/embed/tomcat-embed-core/10.1.12/tomcat-embed-core-10.1.12.jar:/Users/claudiogonzalezhernandez/.m2/repository/org/apache/tomcat/embed/tomcat-embed-el/10.1.12/tomcat-embed-el-10.1.12.jar:/Users/claudiogonzalezhernandez/.m2/repository/org/apache/tomcat/embed/tomcat-embed-websocket/10.1.12/tomcat-embed-websocket-10.1.12.jar:/Users/claudiogonzalezhernandez/.m2/repository/org/springframework/spring-web/6.0.11/spring-web-6.0.11.jar:/Users/claudiogonzalezhernandez/.m2/repository/org/springframework/spring-webmvc/6.0.11/spring-webmvc-6.0.11.jar:/Users/claudiogonzalezhernandez/.m2/repository/org/springframework/spring-aop/6.0.11/spring-aop-6.0.11.jar:/Users/claudiogonzalezhernandez/.m2/repository/org/projectlombok/lombok/1.18.28/lombok-1.18.28.jar:/Users/claudiogonzalezhernandez/.m2/repository/org/springframework/boot/spring-boot-starter-test/3.1.3/spring-boot-starter-test-3.1.3.jar:/Users/claudiogonzalezhernandez/.m2/repository/org/springframework/boot/spring-boot-test/3.1.3/spring-boot-test-3.1.3.jar:/Users/claudiogonzalezhernandez/.m2/repository/org/springframework/boot/spring-boot-test-autoconfigure/3.1.3/spring-boot-test-autoconfigure-3.1.3.jar:/Users/claudiogonzalezhernandez/.m2/repository/com/jayway/jsonpath/json-path/2.8.0/json-path-2.8.0.jar:/Users/claudiogonzalezhernandez/.m2/repository/jakarta/xml/bind/jakarta.xml.bind-api/4.0.0/jakarta.xml.bind-api-4.0.0.jar:/Users/claudiogonzalezhernandez/.m2/repository/net/minidev/json-smart/2.4.11/json-smart-2.4.11.jar:/Users/claudiogonzalezhernandez/.m2/repository/net/minidev/accessors-smart/2.4.11/accessors-smart-2.4.11.jar:/Users/claudiogonzalezhernandez/.m2/repository/org/ow2/asm/asm/9.3/asm-9.3.jar:/Users/claudiogonzalezhernandez/.m2/repository/org/assertj/assertj-core/3.24.2/assertj-core-3.24.2.jar:/Users/claudiogonzalezhernandez/.m2/repository/net/bytebuddy/byte-buddy/1.14.6/byte-buddy-1.14.6.jar:/Users/claudiogonzalezhernandez/.m2/repository/org/hamcrest/hamcrest/2.2/hamcrest-2.2.jar:/Users/claudiogonzalezhernandez/.m2/repository/org/junit/jupiter/junit-jupiter/5.9.3/junit-jupiter-5.9.3.jar:/Users/claudiogonzalezhernandez/.m2/repository/org/junit/jupiter/junit-jupiter-api/5.9.3/junit-jupiter-api-5.9.3.jar:/Users/claudiogonzalezhernandez/.m2/repository/org/opentest4j/opentest4j/1.2.0/opentest4j-1.2.0.jar:/Users/claudiogonzalezhernandez/.m2/repository/org/junit/platform/junit-platform-commons/1.9.3/junit-platform-commons-1.9.3.jar:/Users/claudiogonzalezhernandez/.m2/repository/org/apiguardian/apiguardian-api/1.1.2/apiguardian-api-1.1.2.jar:/Users/claudiogonzalezhernandez/.m2/repository/org/junit/jupiter/junit-jupiter-params/5.9.3/junit-jupiter-params-5.9.3.jar:/Users/claudiogonzalezhernandez/.m2/repository/org/junit/jupiter/junit-jupiter-engine/5.9.3/junit-jupiter-engine-5.9.3.jar:/Users/claudiogonzalezhernandez/.m2/repository/org/junit/platform/junit-platform-engine/1.9.3/junit-platform-engine-1.9.3.jar:/Users/claudiogonzalezhernandez/.m2/repository/org/mockito/mockito-core/5.3.1/mockito-core-5.3.1.jar:/Users/claudiogonzalezhernandez/.m2/repository/net/bytebuddy/byte-buddy-agent/1.14.6/byte-buddy-agent-1.14.6.jar:/Users/claudiogonzalezhernandez/.m2/repository/org/objenesis/objenesis/3.3/objenesis-3.3.jar:/Users/claudiogonzalezhernandez/.m2/repository/org/mockito/mockito-junit-jupiter/5.3.1/mockito-junit-jupiter-5.3.1.jar:/Users/claudiogonzalezhernandez/.m2/repository/org/skyscreamer/jsonassert/1.5.1/jsonassert-1.5.1.jar:/Users/claudiogonzalezhernandez/.m2/repository/com/vaadin/external/google/android-json/0.0.20131108.vaadin1/android-json-0.0.20131108.vaadin1.jar:/Users/claudiogonzalezhernandez/.m2/repository/org/springframework/spring-core/6.0.11/spring-core-6.0.11.jar:/Users/claudiogonzalezhernandez/.m2/repository/org/springframework/spring-jcl/6.0.11/spring-jcl-6.0.11.jar:/Users/claudiogonzalezhernandez/.m2/repository/org/springframework/spring-test/6.0.11/spring-test-6.0.11.jar:/Users/claudiogonzalezhernandez/.m2/repository/org/xmlunit/xmlunit-core/2.9.1/xmlunit-core-2.9.1.jar:/Users/claudiogonzalezhernandez/.m2/repository/io/jsonwebtoken/jjwt/0.12.3/jjwt-0.12.3.jar:/Users/claudiogonzalezhernandez/.m2/repository/io/jsonwebtoken/jjwt-api/0.12.3/jjwt-api-0.12.3.jar:/Users/claudiogonzalezhernandez/.m2/repository/io/jsonwebtoken/jjwt-impl/0.12.3/jjwt-impl-0.12.3.jar:/Users/claudiogonzalezhernandez/.m2/repository/io/jsonwebtoken/jjwt-jackson/0.12.3/jjwt-jackson-0.12.3.jar:"/>
    <property name="java.vm.vendor" value="Oracle Corporation"/>
    <property name="sun.arch.data.model" value="64"/>
    <property name="java.vendor.url" value="https://java.oracle.com/"/>
    <property name="user.timezone" value="America/Costa_Rica"/>
    <property name="os.name" value="Mac OS X"/>
    <property name="java.vm.specification.version" value="20"/>
    <property name="sun.java.launcher" value="SUN_STANDARD"/>
    <property name="user.country" value="CR"/>
    <property name="sun.boot.library.path" value="/Library/Java/JavaVirtualMachines/jdk-20.jdk/Contents/Home/lib"/>
    <property name="sun.java.command" value="/Users/claudiogonzalezhernandez/Desktop/PROYECTOS PERSONALES/TALLER MECANICO APP/Proyecto-Taller-Mecanico-server/target/surefire/surefirebooter-20240712105917867_3.jar /Users/claudiogonzalezhernandez/Desktop/PROYECTOS PERSONALES/TALLER MECANICO APP/Proyecto-Taller-Mecanico-server/target/surefire 2024-07-12T10-59-17_825-jvmRun1 surefire-20240712105917867_1tmp surefire_0-20240712105917867_2tmp"/>
    <property name="jdk.debug" value="release"/>
    <property name="surefire.test.class.path" value="/Users/claudiogonzalezhernandez/Desktop/PROYECTOS PERSONALES/TALLER MECANICO APP/Proyecto-Taller-Mecanico-server/target/test-classes:/Users/claudiogonzalezhernandez/Desktop/PROYECTOS PERSONALES/TALLER MECANICO APP/Proyecto-Taller-Mecanico-server/target/classes:/Users/claudiogonzalezhernandez/.m2/repository/org/springframework/boot/spring-boot-starter-actuator/3.1.3/spring-boot-starter-actuator-3.1.3.jar:/Users/claudiogonzalezhernandez/.m2/repository/org/springframework/boot/spring-boot-starter/3.1.3/spring-boot-starter-3.1.3.jar:/Users/claudiogonzalezhernandez/.m2/repository/org/springframework/boot/spring-boot/3.1.3/spring-boot-3.1.3.jar:/Users/claudiogonzalezhernandez/.m2/repository/org/springframework/boot/spring-boot-autoconfigure/3.1.3/spring-boot-autoconfigure-3.1.3.jar:/Users/claudiogonzalezhernandez/.m2/repository/org/springframework/boot/spring-boot-starter-logging/3.1.3/spring-boot-starter-logging-3.1.3.jar:/Users/claudiogonzalezhernandez/.m2/repository/ch/qos/logback/logback-classic/1.4.11/logback-classic-1.4.11.jar:/Users/claudiogonzalezhernandez/.m2/repository/ch/qos/logback/logback-core/1.4.11/logback-core-1.4.11.jar:/Users/claudiogonzalezhernandez/.m2/repository/org/apache/logging/log4j/log4j-to-slf4j/2.20.0/log4j-to-slf4j-2.20.0.jar:/Users/claudiogonzalezhernandez/.m2/repository/org/apache/logging/log4j/log4j-api/2.20.0/log4j-api-2.20.0.jar:/Users/claudiogonzalezhernandez/.m2/repository/org/slf4j/jul-to-slf4j/2.0.7/jul-to-slf4j-2.0.7.jar:/Users/claudiogonzalezhernandez/.m2/repository/jakarta/annotation/jakarta.annotation-api/2.1.1/jakarta.annotation-api-2.1.1.jar:/Users/claudiogonzalezhernandez/.m2/repository/org/yaml/snakeyaml/1.33/snakeyaml-1.33.jar:/Users/claudiogonzalezhernandez/.m2/repository/org/springframework/boot/spring-boot-actuator-autoconfigure/3.1.3/spring-boot-actuator-autoconfigure-3.1.3.jar:/Users/claudiogonzalezhernandez/.m2/repository/org/springframework/boot/spring-boot-actuator/3.1.3/spring-boot-actuator-3.1.3.jar:/Users/claudiogonzalezhernandez/.m2/repository/com/fasterxml/jackson/core/jackson-databind/2.15.2/jackson-databind-2.15.2.jar:/Users/claudiogonzalezhernandez/.m2/repository/com/fasterxml/jackson/core/jackson-annotations/2.15.2/jackson-annotations-2.15.2.jar:/Users/claudiogonzalezhernandez/.m2/repository/com/fasterxml/jackson/core/jackson-core/2.15.2/jackson-core-2.15.2.jar:/Users/claudiogonzalezhernandez/.m2/repository/com/fasterxml/jackson/datatype/jackson-datatype-jsr310/2.15.2/jackson-datatype-jsr310-2.15.2.jar:/Users/claudiogonzalezhernandez/.m2/repository/io/micrometer/micrometer-observation/1.11.3/micrometer-observation-1.11.3.jar:/Users/claudiogonzalezhernandez/.m2/repository/io/micrometer/micrometer-commons/1.11.3/micrometer-commons-1.11.3.jar:/Users/claudiogonzalezhernandez/.m2/repository/io/micrometer/micrometer-core/1.11.3/micrometer-core-1.11.3.jar:/Users/claudiogonzalezhernandez/.m2/repository/org/hdrhistogram/HdrHistogram/2.1.12/HdrHistogram-2.1.12.jar:/Users/claudiogonzalezhernandez/.m2/repository/org/latencyutils/LatencyUtils/2.0.3/LatencyUtils-2.0.3.jar:/Users/claudiogonzalezhernandez/.m2/repository/org/springframework/boot/spring-boot-starter-mail/3.1.3/spring-boot-starter-mail-3.1.3.jar:/Users/claudiogonzalezhernandez/.m2/repository/org/springframework/spring-context-support/6.0.11/spring-context-support-6.0.11.jar:/Users/claudiogonzalezhernandez/.m2/repository/org/springframework/spring-beans/6.0.11/spring-beans-6.0.11.jar:/Users/claudiogonzalezhernandez/.m2/repository/org/springframework/spring-context/6.0.11/spring-context-6.0.11.jar:/Users/claudiogonzalezhernandez/.m2/repository/org/eclipse/angus/jakarta.mail/1.1.0/jakarta.mail-1.1.0.jar:/Users/claudiogonzalezhernandez/.m2/repository/jakarta/activation/jakarta.activation-api/2.1.2/jakarta.activation-api-2.1.2.jar:/Users/claudiogonzalezhernandez/.m2/repository/org/eclipse/angus/angus-activation/2.0.1/angus-activation-2.0.1.jar:/Users/claudiogonzalezhernandez/.m2/repository/org/springframework/boot/spring-boot-starter-data-mongodb/3.1.3/spring-boot-starter-data-mongodb-3.1.3.jar:/Users/claudiogonzalezhernandez/.m2/repository/org/mongodb/mongodb-driver-sync/4.9.1/mongodb-driver-sync-4.9.1.jar:/Users/claudiogonzalezhernandez/.m2/repository/org/mongodb/bson/4.9.1/bson-4.9.1.jar:/Users/claudiogonzalezhernandez/.m2/repository/org/mongodb/mongodb-driver-core/4.9.1/mongodb-driver-core-4.9.1.jar:/Users/claudiogonzalezhernandez/.m2/repository/org/mongodb/bson-record-codec/4.9.1/bson-record-codec-4.9.1.jar:/Users/claudiogonzalezhernandez/.m2/repository/org/springframework/data/spring-data-mongodb/4.1.3/spring-data-mongodb-4.1.3.jar:/Users/claudiogonzalezhernandez/.m2/repository/org/springframework/spring-tx/6.0.11/spring-tx-6.0.11.jar:/Users/claudiogonzalezhernandez/.m2/repository/org/springframework/spring-expression/6.0.11/spring-expression-6.0.11.jar:/Users/claudiogonzalezhernandez/.m2/repository/org/springframework/data/spring-data-commons/3.1.3/spring-data-commons-3.1.3.jar:/Users/claudiogonzalezhernandez/.m2/repository/org/slf4j/slf4j-api/2.0.7/slf4j-api-2.0.7.jar:/Users/claudiogonzalezhernandez/.m2/repository/org/springdoc/springdoc-openapi-starter-webmvc-ui/2.3.0/springdoc-openapi-starter-webmvc-ui-2.3.0.jar:/Users/claudiogonzalezhernandez/.m2/repository/org/springdoc/springdoc-openapi-starter-webmvc-api/2.3.0/springdoc-openapi-starter-webmvc-api-2.3.0.jar:/Users/claudiogonzalezhernandez/.m2/repository/org/springdoc/springdoc-openapi-starter-common/2.3.0/springdoc-openapi-starter-common-2.3.0.jar:/Users/claudiogonzalezhernandez/.m2/repository/io/swagger/core/v3/swagger-core-jakarta/2.2.19/swagger-core-jakarta-2.2.19.jar:/Users/claudiogonzalezhernandez/.m2/repository/org/apache/commons/commons-lang3/3.12.0/commons-lang3-3.12.0.jar:/Users/claudiogonzalezhernandez/.m2/repository/io/swagger/core/v3/swagger-annotations-jakarta/2.2.19/swagger-annotations-jakarta-2.2.19.jar:/Users/claudiogonzalezhernandez/.m2/repository/io/swagger/core/v3/swagger-models-jakarta/2.2.19/swagger-models-jakarta-2.2.19.jar:/Users/claudiogonzalezhernandez/.m2/repository/jakarta/validation/jakarta.validation-api/3.0.2/jakarta.validation-api-3.0.2.jar:/Users/claudiogonzalezhernandez/.m2/repository/com/fasterxml/jackson/dataformat/jackson-dataformat-yaml/2.15.2/jackson-dataformat-yaml-2.15.2.jar:/Users/claudiogonzalezhernandez/.m2/repository/org/webjars/swagger-ui/5.10.3/swagger-ui-5.10.3.jar:/Users/claudiogonzalezhernandez/.m2/repository/org/springframework/boot/spring-boot-starter-thymeleaf/3.1.3/spring-boot-starter-thymeleaf-3.1.3.jar:/Users/claudiogonzalezhernandez/.m2/repository/org/thymeleaf/thymeleaf-spring6/3.1.2.RELEASE/thymeleaf-spring6-3.1.2.RELEASE.jar:/Users/claudiogonzalezhernandez/.m2/repository/org/thymeleaf/thymeleaf/3.1.2.RELEASE/thymeleaf-3.1.2.RELEASE.jar:/Users/claudiogonzalezhernandez/.m2/repository/org/attoparser/attoparser/2.0.7.RELEASE/attoparser-2.0.7.RELEASE.jar:/Users/claudiogonzalezhernandez/.m2/repository/org/unbescape/unbescape/1.1.6.RELEASE/unbescape-1.1.6.RELEASE.jar:/Users/claudiogonzalezhernandez/.m2/repository/org/springframework/boot/spring-boot-starter-web/3.1.3/spring-boot-starter-web-3.1.3.jar:/Users/claudiogonzalezhernandez/.m2/repository/org/springframework/boot/spring-boot-starter-json/3.1.3/spring-boot-starter-json-3.1.3.jar:/Users/claudiogonzalezhernandez/.m2/repository/com/fasterxml/jackson/datatype/jackson-datatype-jdk8/2.15.2/jackson-datatype-jdk8-2.15.2.jar:/Users/claudiogonzalezhernandez/.m2/repository/com/fasterxml/jackson/module/jackson-module-parameter-names/2.15.2/jackson-module-parameter-names-2.15.2.jar:/Users/claudiogonzalezhernandez/.m2/repository/org/springframework/boot/spring-boot-starter-tomcat/3.1.3/spring-boot-starter-tomcat-3.1.3.jar:/Users/claudiogonzalezhernandez/.m2/repository/org/apache/tomcat/embed/tomcat-embed-core/10.1.12/tomcat-embed-core-10.1.12.jar:/Users/claudiogonzalezhernandez/.m2/repository/org/apache/tomcat/embed/tomcat-embed-el/10.1.12/tomcat-embed-el-10.1.12.jar:/Users/claudiogonzalezhernandez/.m2/repository/org/apache/tomcat/embed/tomcat-embed-websocket/10.1.12/tomcat-embed-websocket-10.1.12.jar:/Users/claudiogonzalezhernandez/.m2/repository/org/springframework/spring-web/6.0.11/spring-web-6.0.11.jar:/Users/claudiogonzalezhernandez/.m2/repository/org/springframework/spring-webmvc/6.0.11/spring-webmvc-6.0.11.jar:/Users/claudiogonzalezhernandez/.m2/repository/org/springframework/spring-aop/6.0.11/spring-aop-6.0.11.jar:/Users/claudiogonzalezhernandez/.m2/repository/org/projectlombok/lombok/1.18.28/lombok-1.18.28.jar:/Users/claudiogonzalezhernandez/.m2/repository/org/springframework/boot/spring-boot-starter-test/3.1.3/spring-boot-starter-test-3.1.3.jar:/Users/claudiogonzalezhernandez/.m2/repository/org/springframework/boot/spring-boot-test/3.1.3/spring-boot-test-3.1.3.jar:/Users/claudiogonzalezhernandez/.m2/repository/org/springframework/boot/spring-boot-test-autoconfigure/3.1.3/spring-boot-test-autoconfigure-3.1.3.jar:/Users/claudiogonzalezhernandez/.m2/repository/com/jayway/jsonpath/json-path/2.8.0/json-path-2.8.0.jar:/Users/claudiogonzalezhernandez/.m2/repository/jakarta/xml/bind/jakarta.xml.bind-api/4.0.0/jakarta.xml.bind-api-4.0.0.jar:/Users/claudiogonzalezhernandez/.m2/repository/net/minidev/json-smart/2.4.11/json-smart-2.4.11.jar:/Users/claudiogonzalezhernandez/.m2/repository/net/minidev/accessors-smart/2.4.11/accessors-smart-2.4.11.jar:/Users/claudiogonzalezhernandez/.m2/repository/org/ow2/asm/asm/9.3/asm-9.3.jar:/Users/claudiogonzalezhernandez/.m2/repository/org/assertj/assertj-core/3.24.2/assertj-core-3.24.2.jar:/Users/claudiogonzalezhernandez/.m2/repository/net/bytebuddy/byte-buddy/1.14.6/byte-buddy-1.14.6.jar:/Users/claudiogonzalezhernandez/.m2/repository/org/hamcrest/hamcrest/2.2/hamcrest-2.2.jar:/Users/claudiogonzalezhernandez/.m2/repository/org/junit/jupiter/junit-jupiter/5.9.3/junit-jupiter-5.9.3.jar:/Users/claudiogonzalezhernandez/.m2/repository/org/junit/jupiter/junit-jupiter-api/5.9.3/junit-jupiter-api-5.9.3.jar:/Users/claudiogonzalezhernandez/.m2/repository/org/opentest4j/opentest4j/1.2.0/opentest4j-1.2.0.jar:/Users/claudiogonzalezhernandez/.m2/repository/org/junit/platform/junit-platform-commons/1.9.3/junit-platform-commons-1.9.3.jar:/Users/claudiogonzalezhernandez/.m2/repository/org/apiguardian/apiguardian-api/1.1.2/apiguardian-api-1.1.2.jar:/Users/claudiogonzalezhernandez/.m2/repository/org/junit/jupiter/junit-jupiter-params/5.9.3/junit-jupiter-params-5.9.3.jar:/Users/claudiogonzalezhernandez/.m2/repository/org/junit/jupiter/junit-jupiter-engine/5.9.3/junit-jupiter-engine-5.9.3.jar:/Users/claudiogonzalezhernandez/.m2/repository/org/junit/platform/junit-platform-engine/1.9.3/junit-platform-engine-1.9.3.jar:/Users/claudiogonzalezhernandez/.m2/repository/org/mockito/mockito-core/5.3.1/mockito-core-5.3.1.jar:/Users/claudiogonzalezhernandez/.m2/repository/net/bytebuddy/byte-buddy-agent/1.14.6/byte-buddy-agent-1.14.6.jar:/Users/claudiogonzalezhernandez/.m2/repository/org/objenesis/objenesis/3.3/objenesis-3.3.jar:/Users/claudiogonzalezhernandez/.m2/repository/org/mockito/mockito-junit-jupiter/5.3.1/mockito-junit-jupiter-5.3.1.jar:/Users/claudiogonzalezhernandez/.m2/repository/org/skyscreamer/jsonassert/1.5.1/jsonassert-1.5.1.jar:/Users/claudiogonzalezhernandez/.m2/repository/com/vaadin/external/google/android-json/0.0.20131108.vaadin1/android-json-0.0.20131108.vaadin1.jar:/Users/claudiogonzalezhernandez/.m2/repository/org/springframework/spring-core/6.0.11/spring-core-6.0.11.jar:/Users/claudiogonzalezhernandez/.m2/repository/org/springframework/spring-jcl/6.0.11/spring-jcl-6.0.11.jar:/Users/claudiogonzalezhernandez/.m2/repository/org/springframework/spring-test/6.0.11/spring-test-6.0.11.jar:/Users/claudiogonzalezhernandez/.m2/repository/org/xmlunit/xmlunit-core/2.9.1/xmlunit-core-2.9.1.jar:/Users/claudiogonzalezhernandez/.m2/repository/io/jsonwebtoken/jjwt/0.12.3/jjwt-0.12.3.jar:/Users/claudiogonzalezhernandez/.m2/repository/io/jsonwebtoken/jjwt-api/0.12.3/jjwt-api-0.12.3.jar:/Users/claudiogonzalezhernandez/.m2/repository/io/jsonwebtoken/jjwt-impl/0.12.3/jjwt-impl-0.12.3.jar:/Users/claudiogonzalezhernandez/.m2/repository/io/jsonwebtoken/jjwt-jackson/0.12.3/jjwt-jackson-0.12.3.jar:"/>
    <property name="sun.cpu.endian" value="little"/>
    <property name="user.home" value="/Users/claudiogonzalezhernandez"/>
    <property name="user.language" value="en"/>
    <property name="java.specification.vendor" value="Oracle Corporation"/>
    <property name="java.version.date" value="2023-04-18"/>
    <property name="java.home" value="/Library/Java/JavaVirtualMachines/jdk-20.jdk/Contents/Home"/>
    <property name="file.separator" value="/"/>
    <property name="basedir" value="/Users/claudiogonzalezhernandez/Desktop/PROYECTOS PERSONALES/TALLER MECANICO APP/Proyecto-Taller-Mecanico-server"/>
    <property name="java.vm.compressedOopsMode" value="Zero based"/>
    <property name="line.separator" value="&#10;"/>
    <property name="java.vm.specification.vendor" value="Oracle Corporation"/>
    <property name="java.specification.name" value="Java Platform API Specification"/>
    <property name="FILE_LOG_CHARSET" value="UTF-8"/>
    <property name="java.awt.headless" value="true"/>
    <property name="apple.awt.application.name" value="ForkedBooter"/>
    <property name="surefire.real.class.path" value="/Users/claudiogonzalezhernandez/Desktop/PROYECTOS PERSONALES/TALLER MECANICO APP/Proyecto-Taller-Mecanico-server/target/surefire/surefirebooter-20240712105917867_3.jar"/>
    <property name="sun.management.compiler" value="HotSpot 64-Bit Tiered Compilers"/>
    <property name="java.runtime.version" value="20.0.1+9-29"/>
    <property name="user.name" value="claudiogonzalezhernandez"/>
    <property name="stdout.encoding" value="UTF-8"/>
    <property name="path.separator" value=":"/>
    <property name="os.version" value="14.5"/>
    <property name="java.runtime.name" value="Java(TM) SE Runtime Environment"/>
    <property name="file.encoding" value="UTF-8"/>
    <property name="java.vm.name" value="Java HotSpot(TM) 64-Bit Server VM"/>
    <property name="localRepository" value="/Users/claudiogonzalezhernandez/.m2/repository"/>
    <property name="java.vendor.url.bug" value="https://bugreport.java.com/bugreport/"/>
    <property name="java.io.tmpdir" value="/var/folders/2n/n2gg6srj1nv1n_x8v9c2_t540000gn/T/"/>
    <property name="java.version" value="20.0.1"/>
    <property name="user.dir" value="/Users/claudiogonzalezhernandez/Desktop/PROYECTOS PERSONALES/TALLER MECANICO APP/Proyecto-Taller-Mecanico-server"/>
    <property name="os.arch" value="aarch64"/>
    <property name="java.vm.specification.name" value="Java Virtual Machine Specification"/>
    <property name="PID" value="65130"/>
    <property name="CONSOLE_LOG_CHARSET" value="UTF-8"/>
    <property name="native.encoding" value="UTF-8"/>
    <property name="java.library.path" value="/Users/claudiogonzalezhernandez/Library/Java/Extensions:/Library/Java/Extensions:/Network/Library/Java/Extensions:/System/Library/Java/Extensions:/usr/lib/java:."/>
    <property name="java.vm.info" value="mixed mode, sharing"/>
    <property name="stderr.encoding" value="UTF-8"/>
    <property name="java.vendor" value="Oracle Corporation"/>
    <property name="java.vm.version" value="20.0.1+9-29"/>
    <property name="sun.io.unicode.encoding" value="UnicodeBig"/>
    <property name="java.class.version" value="64.0"/>
  </properties>
  <testcase name="contextLoads" classname="com.example.tallermecanicoserverv2.TallerMecanicoServerv2ApplicationTests" time="0.425">
    <system-out><![CDATA[10:59:18.188 [main] INFO org.springframework.test.context.support.AnnotationConfigContextLoaderUtils -- Could not detect default configuration classes for test class [com.example.tallermecanicoserverv2.TallerMecanicoServerv2ApplicationTests]: TallerMecanicoServerv2ApplicationTests does not declare any static, non-private, non-final, nested classes annotated with @Configuration.
10:59:18.230 [main] INFO org.springframework.boot.test.context.SpringBootTestContextBootstrapper -- Found @SpringBootConfiguration com.example.tallermecanicoserverv2.TallerMecanicoServerv2Application for test class com.example.tallermecanicoserverv2.TallerMecanicoServerv2ApplicationTests

  .   ____          _            __ _ _
 /\\ / ___'_ __ _ _(_)_ __  __ _ \ \ \ \
( ( )\___ | '_ | '_| | '_ \/ _` | \ \ \ \
 \\/  ___)| |_)| | | | | || (_| |  ) ) ) )
  '  |____| .__|_| |_|_| |_\__, | / / / /
 =========|_|==============|___/=/_/_/_/
 :: Spring Boot ::                (v3.1.3)

2024-07-12T10:59:18.377-06:00  INFO 65130 --- [           main] t.TallerMecanicoServerv2ApplicationTests : Starting TallerMecanicoServerv2ApplicationTests using Java 20.0.1 with PID 65130 (started by claudiogonzalezhernandez in /Users/claudiogonzalezhernandez/Desktop/PROYECTOS PERSONALES/TALLER MECANICO APP/Proyecto-Taller-Mecanico-server)
2024-07-12T10:59:18.377-06:00  INFO 65130 --- [           main] t.TallerMecanicoServerv2ApplicationTests : No active profile set, falling back to 1 default profile: "default"
2024-07-12T10:59:18.621-06:00  INFO 65130 --- [           main] .s.d.r.c.RepositoryConfigurationDelegate : Bootstrapping Spring Data MongoDB repositories in DEFAULT mode.
2024-07-12T10:59:18.641-06:00  INFO 65130 --- [           main] .s.d.r.c.RepositoryConfigurationDelegate : Finished Spring Data repository scanning in 18 ms. Found 9 MongoDB repository interfaces.
2024-07-12T10:59:19.095-06:00  INFO 65130 --- [           main] org.mongodb.driver.client                : MongoClient with metadata {"driver": {"name": "mongo-java-driver|sync|spring-boot", "version": "4.9.1"}, "os": {"type": "Darwin", "name": "Mac OS X", "architecture": "aarch64", "version": "14.5"}, "platform": "Java/Oracle Corporation/20.0.1+9-29"} created with settings MongoClientSettings{readPreference=primary, writeConcern=WriteConcern{w=majority, wTimeout=null ms, journal=null}, retryWrites=true, retryReads=true, readConcern=ReadConcern{level=null}, credential=MongoCredential{mechanism=null, userName='SuperUserTallerMecanico', source='admin', password=<hidden>, mechanismProperties=<hidden>}, streamFactoryFactory=null, commandListeners=[io.micrometer.core.instrument.binder.mongodb.MongoMetricsCommandListener@2443135], codecRegistry=ProvidersCodecRegistry{codecProviders=[ValueCodecProvider{}, BsonValueCodecProvider{}, DBRefCodecProvider{}, DBObjectCodecProvider{}, DocumentCodecProvider{}, CollectionCodecProvider{}, IterableCodecProvider{}, MapCodecProvider{}, GeoJsonCodecProvider{}, GridFSFileCodecProvider{}, Jsr310CodecProvider{}, JsonObjectCodecProvider{}, BsonCodecProvider{}, EnumCodecProvider{}, com.mongodb.client.model.mql.ExpressionCodecProvider@184823ed, com.mongodb.Jep395RecordCodecProvider@30bbcf91]}, loggerSettings=LoggerSettings{maxDocumentLength=1000}, clusterSettings={hosts=[127.0.0.1:27017], srvHost=tallermecanicodbenvirom.w4fhwmy.mongodb.net, srvServiceName=mongodb, mode=MULTIPLE, requiredClusterType=REPLICA_SET, requiredReplicaSetName='atlas-10zmcl-shard-0', serverSelector='null', clusterListeners='[]', serverSelectionTimeout='30000 ms', localThreshold='30000 ms'}, socketSettings=SocketSettings{connectTimeoutMS=10000, readTimeoutMS=0, receiveBufferSize=0, sendBufferSize=0}, heartbeatSocketSettings=SocketSettings{connectTimeoutMS=10000, readTimeoutMS=10000, receiveBufferSize=0, sendBufferSize=0}, connectionPoolSettings=ConnectionPoolSettings{maxSize=100, minSize=0, maxWaitTimeMS=120000, maxConnectionLifeTimeMS=0, maxConnectionIdleTimeMS=0, maintenanceInitialDelayMS=0, maintenanceFrequencyMS=60000, connectionPoolListeners=[io.micrometer.core.instrument.binder.mongodb.MongoMetricsConnectionPoolListener@3ca14cf4], maxConnecting=2}, serverSettings=ServerSettings{heartbeatFrequencyMS=10000, minHeartbeatFrequencyMS=500, serverListeners='[]', serverMonitorListeners='[]'}, sslSettings=SslSettings{enabled=true, invalidHostNameAllowed=false, context=null}, applicationName='null', compressorList=[], uuidRepresentation=JAVA_LEGACY, serverApi=null, autoEncryptionSettings=null, contextProvider=null}
2024-07-12T10:59:19.213-06:00  INFO 65130 --- [wmy.mongodb.net] org.mongodb.driver.cluster               : Adding discovered server ac-w9ati3h-shard-00-01.w4fhwmy.mongodb.net:27017 to client view of cluster
2024-07-12T10:59:19.223-06:00  INFO 65130 --- [wmy.mongodb.net] org.mongodb.driver.cluster               : Adding discovered server ac-w9ati3h-shard-00-02.w4fhwmy.mongodb.net:27017 to client view of cluster
2024-07-12T10:59:19.224-06:00  INFO 65130 --- [wmy.mongodb.net] org.mongodb.driver.cluster               : Adding discovered server ac-w9ati3h-shard-00-00.w4fhwmy.mongodb.net:27017 to client view of cluster
2024-07-12T10:59:19.453-06:00  INFO 65130 --- [           main] o.s.b.a.w.s.WelcomePageHandlerMapping    : Adding welcome page template: index
2024-07-12T10:59:19.602-06:00  INFO 65130 --- [           main] o.s.b.a.e.web.EndpointLinksResolver      : Exposing 1 endpoint(s) beneath base path '/actuator'
2024-07-12T10:59:19.627-06:00  INFO 65130 --- [           main] t.TallerMecanicoServerv2ApplicationTests : Started TallerMecanicoServerv2ApplicationTests in 1.343 seconds (process running for 1.701)
2024-07-12T10:59:19.907-06:00  INFO 65130 --- [ngodb.net:27017] org.mongodb.driver.cluster               : Monitor thread successfully connected to server with description ServerDescription{address=ac-w9ati3h-shard-00-01.w4fhwmy.mongodb.net:27017, type=REPLICA_SET_PRIMARY, state=CONNECTED, ok=true, minWireVersion=0, maxWireVersion=21, maxDocumentSize=16777216, logicalSessionTimeoutMinutes=30, roundTripTimeNanos=278107500, setName='atlas-10zmcl-shard-0', canonicalAddress=ac-w9ati3h-shard-00-01.w4fhwmy.mongodb.net:27017, hosts=[ac-w9ati3h-shard-00-01.w4fhwmy.mongodb.net:27017, ac-w9ati3h-shard-00-00.w4fhwmy.mongodb.net:27017, ac-w9ati3h-shard-00-02.w4fhwmy.mongodb.net:27017], passives=[], arbiters=[], primary='ac-w9ati3h-shard-00-01.w4fhwmy.mongodb.net:27017', tagSet=TagSet{[Tag{name='availabilityZone', value='use1-az1'}, Tag{name='diskState', value='READY'}, Tag{name='nodeType', value='ELECTABLE'}, Tag{name='provider', value='AWS'}, Tag{name='region', value='US_EAST_1'}, Tag{name='workloadType', value='OPERATIONAL'}]}, electionId=7fffffff0000000000000129, setVersion=44, topologyVersion=TopologyVersion{processId=668c4482b6711b6a7994cfdc, counter=6}, lastWriteDate=Fri Jul 12 10:59:19 CST 2024, lastUpdateTimeNanos=46100161613791}
2024-07-12T10:59:19.907-06:00  INFO 65130 --- [ngodb.net:27017] org.mongodb.driver.cluster               : Monitor thread successfully connected to server with description ServerDescription{address=ac-w9ati3h-shard-00-02.w4fhwmy.mongodb.net:27017, type=REPLICA_SET_SECONDARY, state=CONNECTED, ok=true, minWireVersion=0, maxWireVersion=21, maxDocumentSize=16777216, logicalSessionTimeoutMinutes=30, roundTripTimeNanos=280258041, setName='atlas-10zmcl-shard-0', canonicalAddress=ac-w9ati3h-shard-00-02.w4fhwmy.mongodb.net:27017, hosts=[ac-w9ati3h-shard-00-01.w4fhwmy.mongodb.net:27017, ac-w9ati3h-shard-00-00.w4fhwmy.mongodb.net:27017, ac-w9ati3h-shard-00-02.w4fhwmy.mongodb.net:27017], passives=[], arbiters=[], primary='ac-w9ati3h-shard-00-01.w4fhwmy.mongodb.net:27017', tagSet=TagSet{[Tag{name='availabilityZone', value='use1-az2'}, Tag{name='diskState', value='READY'}, Tag{name='nodeType', value='ELECTABLE'}, Tag{name='provider', value='AWS'}, Tag{name='region', value='US_EAST_1'}, Tag{name='workloadType', value='OPERATIONAL'}]}, electionId=null, setVersion=44, topologyVersion=TopologyVersion{processId=668c46caf09bac2cdcc6e33b, counter=3}, lastWriteDate=Fri Jul 12 10:59:19 CST 2024, lastUpdateTimeNanos=46100161616458}
2024-07-12T10:59:19.908-06:00  INFO 65130 --- [ngodb.net:27017] org.mongodb.driver.cluster               : Monitor thread successfully connected to server with description ServerDescription{address=ac-w9ati3h-shard-00-00.w4fhwmy.mongodb.net:27017, type=REPLICA_SET_SECONDARY, state=CONNECTED, ok=true, minWireVersion=0, maxWireVersion=21, maxDocumentSize=16777216, logicalSessionTimeoutMinutes=30, roundTripTimeNanos=280182958, setName='atlas-10zmcl-shard-0', canonicalAddress=ac-w9ati3h-shard-00-00.w4fhwmy.mongodb.net:27017, hosts=[ac-w9ati3h-shard-00-01.w4fhwmy.mongodb.net:27017, ac-w9ati3h-shard-00-00.w4fhwmy.mongodb.net:27017, ac-w9ati3h-shard-00-02.w4fhwmy.mongodb.net:27017], passives=[], arbiters=[], primary='ac-w9ati3h-shard-00-01.w4fhwmy.mongodb.net:27017', tagSet=TagSet{[Tag{name='availabilityZone', value='use1-az6'}, Tag{name='diskState', value='READY'}, Tag{name='nodeType', value='ELECTABLE'}, Tag{name='provider', value='AWS'}, Tag{name='region', value='US_EAST_1'}, Tag{name='workloadType', value='OPERATIONAL'}]}, electionId=null, setVersion=44, topologyVersion=TopologyVersion{processId=668c4554b859fcd30a84c98c, counter=4}, lastWriteDate=Fri Jul 12 10:59:19 CST 2024, lastUpdateTimeNanos=46100161627000}
2024-07-12T10:59:19.909-06:00  INFO 65130 --- [ngodb.net:27017] org.mongodb.driver.cluster               : Discovered replica set primary ac-w9ati3h-shard-00-01.w4fhwmy.mongodb.net:27017 with max election id 7fffffff0000000000000129 and max set version 44
]]></system-out>
  </testcase>
</testsuite>